<?xml version="1.0" encoding="UTF-8"?>
<testsuite xmlns:xsi="http://www.w3.org/2001/XMLSchema-instance" xsi:noNamespaceSchemaLocation="https://maven.apache.org/surefire/maven-surefire-plugin/xsd/surefire-test-report.xsd" name="TestSuite" time="0.717" tests="1" errors="0" skipped="0" failures="0">
  <properties>
    <property name="sun.desktop" value="windows"/>
    <property name="awt.toolkit" value="sun.awt.windows.WToolkit"/>
    <property name="file.encoding.pkg" value="sun.io"/>
    <property name="java.specification.version" value="1.8"/>
    <property name="sun.cpu.isalist" value="amd64"/>
    <property name="sun.jnu.encoding" value="GBK"/>
    <property name="java.class.path" value="D:\work\my\code\testng\target\test-classes;D:\work\my\code\testng\target\classes;D:\work\my\maven\maven_dependcies\com\relevantcodes\extentreports\2.41.1\extentreports-2.41.1.jar;D:\work\my\maven\maven_dependcies\org\jsoup\jsoup\1.8.3\jsoup-1.8.3.jar;D:\work\my\maven\maven_dependcies\org\xerial\sqlite-jdbc\3.25.2\sqlite-jdbc-3.25.2.jar;D:\work\my\maven\maven_dependcies\org\freemarker\freemarker\2.3.28\freemarker-2.3.28.jar;D:\work\my\maven\maven_dependcies\org\mongodb\mongodb-driver\3.8.2\mongodb-driver-3.8.2.jar;D:\work\my\maven\maven_dependcies\org\mongodb\bson\3.8.2\bson-3.8.2.jar;D:\work\my\maven\maven_dependcies\org\mongodb\mongodb-driver-core\3.8.2\mongodb-driver-core-3.8.2.jar;D:\work\my\maven\maven_dependcies\com\vimalselvam\testng-extentsreport\1.3.1\testng-extentsreport-1.3.1.jar;D:\work\my\maven\maven_dependcies\org\testng\testng\6.10\testng-6.10.jar;D:\work\my\maven\maven_dependcies\com\beust\jcommander\1.48\jcommander-1.48.jar;D:\work\my\maven\maven_dependcies\com\google\guava\guava\20.0\guava-20.0.jar;D:\work\my\maven\maven_dependcies\com\aventstack\extentreports\3.0.6\extentreports-3.0.6.jar;D:\work\my\maven\maven_dependcies\org\apache\httpcomponents\httpclient\4.5.9\httpclient-4.5.9.jar;D:\work\my\maven\maven_dependcies\org\apache\httpcomponents\httpcore\4.4.11\httpcore-4.4.11.jar;D:\work\my\maven\maven_dependcies\commons-codec\commons-codec\1.11\commons-codec-1.11.jar;D:\work\my\maven\maven_dependcies\org\apache\httpcomponents\httpmime\4.5.9\httpmime-4.5.9.jar;D:\work\my\maven\maven_dependcies\junit\junit\4.11\junit-4.11.jar;D:\work\my\maven\maven_dependcies\org\hamcrest\hamcrest-core\1.3\hamcrest-core-1.3.jar;"/>
    <property name="java.vm.vendor" value="Oracle Corporation"/>
    <property name="sun.arch.data.model" value="64"/>
    <property name="user.variant" value=""/>
    <property name="java.vendor.url" value="http://java.oracle.com/"/>
    <property name="user.timezone" value="Asia/Shanghai"/>
    <property name="java.vm.specification.version" value="1.8"/>
    <property name="os.name" value="Windows 10"/>
    <property name="user.country" value="CN"/>
    <property name="sun.java.launcher" value="SUN_STANDARD"/>
    <property name="sun.boot.library.path" value="D:\java\jdk\jdk1.8.0_172\jre\bin"/>
    <property name="sun.java.command" value="C:\Users\lsh\AppData\Local\Temp\surefire4496231348853447000\surefirebooter8194758364241221818.jar C:\Users\lsh\AppData\Local\Temp\surefire4496231348853447000 2019-09-01T17-50-15_620-jvmRun1 surefire7816284264181832232tmp surefire_05220259446278398494tmp"/>
    <property name="surefire.test.class.path" value="D:\work\my\code\testng\target\test-classes;D:\work\my\code\testng\target\classes;D:\work\my\maven\maven_dependcies\com\relevantcodes\extentreports\2.41.1\extentreports-2.41.1.jar;D:\work\my\maven\maven_dependcies\org\jsoup\jsoup\1.8.3\jsoup-1.8.3.jar;D:\work\my\maven\maven_dependcies\org\xerial\sqlite-jdbc\3.25.2\sqlite-jdbc-3.25.2.jar;D:\work\my\maven\maven_dependcies\org\freemarker\freemarker\2.3.28\freemarker-2.3.28.jar;D:\work\my\maven\maven_dependcies\org\mongodb\mongodb-driver\3.8.2\mongodb-driver-3.8.2.jar;D:\work\my\maven\maven_dependcies\org\mongodb\bson\3.8.2\bson-3.8.2.jar;D:\work\my\maven\maven_dependcies\org\mongodb\mongodb-driver-core\3.8.2\mongodb-driver-core-3.8.2.jar;D:\work\my\maven\maven_dependcies\com\vimalselvam\testng-extentsreport\1.3.1\testng-extentsreport-1.3.1.jar;D:\work\my\maven\maven_dependcies\org\testng\testng\6.10\testng-6.10.jar;D:\work\my\maven\maven_dependcies\com\beust\jcommander\1.48\jcommander-1.48.jar;D:\work\my\maven\maven_dependcies\com\google\guava\guava\20.0\guava-20.0.jar;D:\work\my\maven\maven_dependcies\com\aventstack\extentreports\3.0.6\extentreports-3.0.6.jar;D:\work\my\maven\maven_dependcies\org\apache\httpcomponents\httpclient\4.5.9\httpclient-4.5.9.jar;D:\work\my\maven\maven_dependcies\org\apache\httpcomponents\httpcore\4.4.11\httpcore-4.4.11.jar;D:\work\my\maven\maven_dependcies\commons-codec\commons-codec\1.11\commons-codec-1.11.jar;D:\work\my\maven\maven_dependcies\org\apache\httpcomponents\httpmime\4.5.9\httpmime-4.5.9.jar;D:\work\my\maven\maven_dependcies\junit\junit\4.11\junit-4.11.jar;D:\work\my\maven\maven_dependcies\org\hamcrest\hamcrest-core\1.3\hamcrest-core-1.3.jar;"/>
    <property name="sun.cpu.endian" value="little"/>
    <property name="user.home" value="C:\Users\lsh"/>
    <property name="user.language" value="zh"/>
    <property name="java.specification.vendor" value="Oracle Corporation"/>
    <property name="java.home" value="D:\java\jdk\jdk1.8.0_172\jre"/>
    <property name="basedir" value="D:\work\my\code\testng"/>
    <property name="file.separator" value="\"/>
    <property name="line.separator" value="&#10;"/>
    <property name="java.vm.specification.vendor" value="Oracle Corporation"/>
    <property name="java.specification.name" value="Java Platform API Specification"/>
    <property name="java.awt.graphicsenv" value="sun.awt.Win32GraphicsEnvironment"/>
    <property name="surefire.real.class.path" value="C:\Users\lsh\AppData\Local\Temp\surefire4496231348853447000\surefirebooter8194758364241221818.jar"/>
    <property name="sun.boot.class.path" value="D:\java\jdk\jdk1.8.0_172\jre\lib\resources.jar;D:\java\jdk\jdk1.8.0_172\jre\lib\rt.jar;D:\java\jdk\jdk1.8.0_172\jre\lib\sunrsasign.jar;D:\java\jdk\jdk1.8.0_172\jre\lib\jsse.jar;D:\java\jdk\jdk1.8.0_172\jre\lib\jce.jar;D:\java\jdk\jdk1.8.0_172\jre\lib\charsets.jar;D:\java\jdk\jdk1.8.0_172\jre\lib\jfr.jar;D:\java\jdk\jdk1.8.0_172\jre\classes"/>
    <property name="user.script" value=""/>
    <property name="sun.management.compiler" value="HotSpot 64-Bit Tiered Compilers"/>
    <property name="java.runtime.version" value="1.8.0_172-b11"/>
    <property name="user.name" value="lsh"/>
    <property name="path.separator" value=";"/>
    <property name="os.version" value="10.0"/>
    <property name="java.endorsed.dirs" value="D:\java\jdk\jdk1.8.0_172\jre\lib\endorsed"/>
    <property name="java.runtime.name" value="Java(TM) SE Runtime Environment"/>
    <property name="file.encoding" value="GBK"/>
    <property name="java.vm.name" value="Java HotSpot(TM) 64-Bit Server VM"/>
    <property name="localRepository" value="D:\work\my\maven\maven_dependcies"/>
    <property name="java.vendor.url.bug" value="http://bugreport.sun.com/bugreport/"/>
    <property name="java.io.tmpdir" value="C:\Users\lsh\AppData\Local\Temp\"/>
    <property name="java.version" value="1.8.0_172"/>
    <property name="user.dir" value="D:\work\my\code\testng"/>
    <property name="os.arch" value="amd64"/>
    <property name="java.vm.specification.name" value="Java Virtual Machine Specification"/>
    <property name="java.awt.printerjob" value="sun.awt.windows.WPrinterJob"/>
    <property name="sun.os.patch.level" value=""/>
    <property name="idea.version2019.2" value="true"/>
    <property name="java.library.path" value="D:\java\jdk\jdk1.8.0_172\jre\bin;C:\Windows\Sun\Java\bin;C:\Windows\system32;C:\Windows;C:\Users\lsh\AppData\Local\JetBrains\Toolbox\apps\IDEA-U\ch-0\192.5728.98\jbr\\bin;C:\Users\lsh\AppData\Local\JetBrains\Toolbox\apps\IDEA-U\ch-0\192.5728.98\jbr\\bin\server;D:\Program Files\Python37\Scripts\;D:\Program Files\Python37\;C:\Windows\system32;C:\Windows;C:\Windows\System32\Wbem;C:\Windows\System32\WindowsPowerShell\v1.0\;C:\Windows\System32\OpenSSH\;C:\Program Files\NVIDIA Corporation\NVIDIA NGX;C:\Program Files (x86)\NVIDIA Corporation\PhysX\Common;C:\Program Files\Git\cmd;D:\java\jdk\jdk1.8.0_172\bin;C:\Program Files (x86)\PuTTY\;D:\java\apache\apache-maven-3.2.5\bin;C:\Program Files\TortoiseGit\bin;C:\Users\lsh\AppData\Local\Microsoft\WindowsApps;C:\Users\lsh\AppData\Local\BypassRuntm;C:\Program Files (x86)\SSH Communications Security\SSH Secure Shell;."/>
    <property name="java.vm.info" value="mixed mode"/>
    <property name="java.vendor" value="Oracle Corporation"/>
    <property name="java.vm.version" value="25.172-b11"/>
    <property name="java.ext.dirs" value="D:\java\jdk\jdk1.8.0_172\jre\lib\ext;C:\Windows\Sun\Java\lib\ext"/>
    <property name="sun.io.unicode.encoding" value="UnicodeLittle"/>
    <property name="java.class.version" value="52.0"/>
  </properties>
  <testcase name="test2" classname="com.tester.extend.demo.TestMethodsDemo" time="0.004"/>
</testsuite>