<?xml version="1.0" encoding="UTF-8"?>
<!-- Generated by org.testng.reporters.JUnitReportReporter -->
<testsuite name="com.tester.extend.demo.TestMethodsDemo" tests="1" time="0.004" ignored="3" failures="0" timestamp="01 Sep 2019 09:50:17 GMT" skipped="0" hostname="DESKTOP-EU95VSH" errors="0">
  <testcase name="test2" time="0.004" classname="com.tester.extend.demo.TestMethodsDemo"/>
  <testcase name="test1" classname="com.tester.extend.demo.TestMethodsDemo">
    <skipped/>
  </testcase> <!-- test1 -->
  <testcase name="test3" classname="com.tester.extend.demo.TestMethodsDemo">
    <skipped/>
  </testcase> <!-- test3 -->
  <testcase name="logDemo" classname="com.tester.extend.demo.TestMethodsDemo">
    <skipped/>
  </testcase> <!-- logDemo -->
</testsuite> <!-- com.tester.extend.demo.TestMethodsDemo -->
